start	stop	p.value	mean.accessible.area
25	31	0.0330062576612326	31.5571428571429
27	33	0.0178817975409095	25.4285714285714
29	35	0.0178817975409095	26.3857142857143
31	37	0.0201367515503463	27.1714285714286
33	39	0.0213031761787025	27.9571428571429
35	41	0.0220149344436729	29.7714285714286
37	43	0.0215394524292968	27.5285714285714
39	45	0.0220149344436729	30.4428571428571
41	47	0.0215394524292968	29.4
45	51	0.0498269496005039	34.0285714285714
73	79	0.0333253677385306	31.9714285714286
75	81	0.0213031761787025	30.2571428571429
77	83	0.0220149344436729	29.7571428571429
79	85	0.0220149344436729	31.9285714285714
131	137	0.0220149344436729	30.1571428571429
NA	NA	NA	NA
193	199	0.0498269496005039	32.5285714285714
247	253	0.0333253677385306	29.5428571428571
339	345	0.0220149344436729	31.8285714285714
341	347	0.0215394524292968	34.5428571428571
419	425	0.0220149344436729	31.9714285714286
427	433	0.0330062576612326	64.4428571428572
429	435	0.0314243465217825	64.5428571428571
481	487	0.0346105575157073	34.7571428571429
509	515	0.0339662330871287	33.2857142857143
511	517	0.021776707751071	26.3857142857143
Whole protein			46.3687791741473