start	stop	p.value	acidic	basic	polar.uncharged	hydrophobic.nonpolar
27	33	0.01998001998002	0	0	0	1
37	43	0.022977022977023	0	0	0	1
55	61	0.01998001998002	0	0.428571428571429	0.142857142857143	0.428571428571429
57	63	0.002997002997003	0	0.571428571428571	0.142857142857143	0.285714285714286
59	65	0.024975024975025	0	0.428571428571429	0.285714285714286	0.285714285714286
73	79	0.021978021978022	0	0	0	1
97	103	0.01998001998002	0	0.428571428571429	0.142857142857143	0.428571428571429
131	137	0.021978021978022	0	0	0	1
181	187	0.010989010989011	0	0	1	0
211	217	0.026973026973027	0.142857142857143	0.428571428571429	0.142857142857143	0.285714285714286
213	219	0.004995004995005	0	0.571428571428571	0.142857142857143	0.285714285714286
227	233	0.003996003996004	0.571428571428571	0.142857142857143	0	0.285714285714286
229	235	0.003996003996004	0.571428571428571	0	0	0.428571428571429
231	237	0.010989010989011	0.571428571428571	0	0.142857142857143	0.285714285714286
233	239	0.010989010989011	0.571428571428571	0	0.285714285714286	0.142857142857143
261	267	0.00799200799200799	0	0	1	0
263	269	0.046953046953047	0	0	0.857142857142857	0.142857142857143
351	357	0.00599400599400599	0.571428571428571	0	0	0.428571428571429
503	509	0.047952047952048	0	0.285714285714286	0	0.714285714285714
Whole protein			0.136624775583483	0.0936265709156194	0.36508078994614	0.404667863554758