start	stop	p.value	acidic	aliphatic	aliphatic.small	amide	aromatic	basic	hydroxyl	imino	sulfur
57	63	0.00999000999000999	0	0.285714285714286	0	0	0	0.571428571428571	0	0	0.142857142857143
107	113	0.032967032967033	0.142857142857143	0	0	0.142857142857143	0.571428571428571	0.142857142857143	0	0	0
109	115	0.002997002997003	0.142857142857143	0	0	0	0.714285714285714	0	0.142857142857143	0	0
117	123	0.035964035964036	0	0.142857142857143	0	0.428571428571429	0.142857142857143	0	0.285714285714286	0	0
119	125	0.027972027972028	0	0	0	0.428571428571429	0.142857142857143	0.142857142857143	0.285714285714286	0	0
121	127	0.036963036963037	0.142857142857143	0	0	0.428571428571429	0	0.142857142857143	0.285714285714286	0	0
191	197	0.037962037962038	0	0.142857142857143	0.571428571428571	0	0	0.142857142857143	0.142857142857143	0	0
213	219	0.023976023976024	0	0.285714285714286	0	0	0	0.571428571428571	0.142857142857143	0	0
261	267	0.00799200799200799	0	0	0.428571428571429	0.428571428571429	0	0	0.142857142857143	0	0
263	269	0.037962037962038	0	0.142857142857143	0.142857142857143	0.428571428571429	0	0	0.285714285714286	0	0
265	271	0.047952047952048	0.142857142857143	0.142857142857143	0	0.428571428571429	0	0.142857142857143	0.142857142857143	0	0
351	357	0.040959040959041	0.571428571428571	0.285714285714286	0	0	0	0	0	0.142857142857143	0
427	433	0.020979020979021	0.285714285714286	0	0	0	0.571428571428571	0.142857142857143	0	0	0
429	435	0.038961038961039	0.142857142857143	0	0	0	0.571428571428571	0.142857142857143	0.142857142857143	0	0
509	515	0.037962037962038	0	0	0.571428571428571	0	0.142857142857143	0.142857142857143	0.142857142857143	0	0
511	517	0.013986013986014	0	0	0.571428571428571	0	0.285714285714286	0	0	0	0.142857142857143
517	523	0.043956043956044	0.142857142857143	0.142857142857143	0.285714285714286	0	0.142857142857143	0	0	0	0.285714285714286
525	531	0.040959040959041	0	0.142857142857143	0	0.142857142857143	0	0.142857142857143	0.142857142857143	0.142857142857143	0.285714285714286
527	533	0.035964035964036	0	0.285714285714286	0	0.142857142857143	0.142857142857143	0	0	0.142857142857143	0.285714285714286
Whole protein			0.136624775583483	0.24802513464991	0.104308797127469	0.0666068222621185	0.111579892280072	0.0936265709156194	0.172531418312388	0.0252244165170557	0.0414721723518851